"C:\Program Files\JetBrains\CLion 2018.3\bin\cmake\win\bin\cmake.exe" -DCMAKE_BUILD_TYPE=Debug -DCMAKE_C_COMPILER=G:/MinGW/bin/gcc.exe -DCMAKE_CXX_COMPILER=D:/MinGw64/mingw64/bin/g++.exe -G "CodeBlocks - MinGW Makefiles" C:\Users\86151\Desktop\密码学作业\DES
-- The C compiler identification is GNU 8.2.0
-- The CXX compiler identification is GNU 8.1.0
-- Check for working C compiler: G:/MinGW/bin/gcc.exe
-- Check for working C compiler: G:/MinGW/bin/gcc.exe -- broken
CMake Error at C:/Program Files/JetBrains/CLion 2018.3/bin/cmake/win/share/cmake-3.12/Modules/CMakeTestCCompiler.cmake:52 (message):
  The C compiler

    "G:/MinGW/bin/gcc.exe"

  is not able to compile a simple test program.

  It fails with the following output:

    Change Dir: C:/Users/86151/Desktop/瀵嗙爜瀛︿綔涓�/DES/cmake-build-debug/CMakeFiles/CMakeTmp
    
    Run Build Command:"G:/MinGW/bin/mingw32-make.exe" "cmTC_a0bc6/fast"
    G:/MinGW/bin/mingw32-make.exe -f CMakeFiles\cmTC_a0bc6.dir\build.make CMakeFiles/cmTC_a0bc6.dir/build
    mingw32-make.exe[1]: Entering directory 'C:/Users/86151/Desktop/瀵嗙爜瀛︿綔涓�/DES/cmake-build-debug/CMakeFiles/CMakeTmp'
    Building C object CMakeFiles/cmTC_a0bc6.dir/testCCompiler.c.obj
    G:\MinGW\bin\gcc.exe    -o CMakeFiles\cmTC_a0bc6.dir\testCCompiler.c.obj   -c C:\Users\86151\Desktop\鐎靛棛鐖滅�涳缚缍旀稉姝旸ES\cmake-build-debug\CMakeFiles\CMakeTmp\testCCompiler.c
    gcc.exe: error: C:\Users\86151\Desktop\鐎靛棛鐖滅�涳缚缍旀稉姝旸ES\cmake-build-debug\CMakeFiles\CMakeTmp\testCCompiler.c: No such file or directory
    gcc.exe: fatal error: no input files
    compilation terminated.
    CMakeFiles\cmTC_a0bc6.dir\build.make:64: recipe for target 'CMakeFiles/cmTC_a0bc6.dir/testCCompiler.c.obj' failed
    mingw32-make.exe[1]: *** [CMakeFiles/cmTC_a0bc6.dir/testCCompiler.c.obj] Error 1
    mingw32-make.exe[1]: Leaving directory 'C:/Users/86151/Desktop/瀵嗙爜瀛︿綔涓�/DES/cmake-build-debug/CMakeFiles/CMakeTmp'
    Makefile:120: recipe for target 'cmTC_a0bc6/fast' failed
    mingw32-make.exe: *** [cmTC_a0bc6/fast] Error 2
    

  

  CMake will not be able to correctly generate this project.
Call Stack (most recent call first):
  CMakeLists.txt:2 (project)


-- Configuring incomplete, errors occurred!
See also "C:/Users/86151/Desktop/瀵嗙爜瀛︿綔涓�/DES/cmake-build-debug/CMakeFiles/CMakeOutput.log".
See also "C:/Users/86151/Desktop/瀵嗙爜瀛︿綔涓�/DES/cmake-build-debug/CMakeFiles/CMakeError.log".
